<?xml version="1.0" encoding="UTF-8"?>
<testng-results skipped="0" failed="0" total="1" passed="1">
  <reporter-output>
  </reporter-output>
  <suite name="Default suite" duration-ms="2621" started-at="2018-06-29T18:04:51Z" finished-at="2018-06-29T18:04:53Z">
    <groups>
    </groups>
    <test name="Default test" duration-ms="2621" started-at="2018-06-29T18:04:51Z" finished-at="2018-06-29T18:04:53Z">
      <class name="APIAssignment.PutRequest">
        <test-method status="PASS" signature="test()[pri:0, instance:APIAssignment.PutRequest@1604f19]" name="test" duration-ms="2597" started-at="2018-06-29T14:04:51Z" finished-at="2018-06-29T14:04:53Z">
          <reporter-output>
          </reporter-output>
        </test-method> <!-- test -->
      </class> <!-- APIAssignment.PutRequest -->
    </test> <!-- Default test -->
  </suite> <!-- Default suite -->
</testng-results>
